21:30:01.836 [main] INFO  - Clicking on the Register Button on the Homepage
21:30:07.687 [main] DEBUG - Parsing relationship: /xl/_rels/workbook.xml.rels
21:30:07.689 [main] DEBUG - Parsing relationship: /_rels/.rels
21:30:07.823 [main] TRACE - Loading type system org.apache.poi.schemas.ooxml.system.ooxml
21:30:07.825 [main] TRACE - Loading type system org.apache.xmlbeans.metadata.system.sXMLCONFIG
21:30:07.825 [main] TRACE - Loading type system org.apache.xmlbeans.metadata.system.sXMLLANG
21:30:07.826 [main] TRACE - Loading type system org.apache.xmlbeans.metadata.system.sXMLSCHEMA
21:30:07.826 [main] TRACE - Loading type system org.apache.xmlbeans.metadata.system.sXMLTOOLS
21:30:07.827 [main] TRACE - Reading unresolved handles for type system org.apache.xmlbeans.metadata.system.sXMLTOOLS
21:30:07.837 [main] TRACE - Finished loading type system org.apache.xmlbeans.metadata.system.sXMLTOOLS
21:30:07.837 [main] TRACE - Reading unresolved handles for type system org.apache.xmlbeans.metadata.system.sXMLSCHEMA
21:30:07.842 [main] TRACE - Finished loading type system org.apache.xmlbeans.metadata.system.sXMLSCHEMA
21:30:07.843 [main] TRACE - Reading unresolved handles for type system org.apache.xmlbeans.metadata.system.sXMLLANG
21:30:07.843 [main] TRACE - Finished loading type system org.apache.xmlbeans.metadata.system.sXMLLANG
21:30:07.844 [main] TRACE - Reading unresolved handles for type system org.apache.xmlbeans.metadata.system.sXMLCONFIG
21:30:07.845 [main] TRACE - Finished loading type system org.apache.xmlbeans.metadata.system.sXMLCONFIG
21:30:07.846 [main] TRACE - Reading unresolved handles for type system org.apache.poi.schemas.ooxml.system.ooxml
21:30:07.888 [main] TRACE - Finished loading type system org.apache.poi.schemas.ooxml.system.ooxml
21:30:07.888 [main] TRACE - Resolving type for handle themefd26doctype
21:30:07.938 [main] TRACE - Resolving type for handle stylesheet5d8bdoctype
21:30:07.942 [main] TRACE - Resolving type for handle ctstylesheet4257type
21:30:07.946 [main] TRACE - Resolving type for handle ctfonts6623type
21:30:07.949 [main] TRACE - Resolving type for handle ctfont14d8type
21:30:07.955 [main] TRACE - Resolving type for handle ctfills2c6ftype
21:30:07.957 [main] TRACE - Resolving type for handle ctfill550ctype
21:30:07.959 [main] TRACE - Resolving type for handle ctborders0d66type
21:30:07.961 [main] TRACE - Resolving type for handle ctborderf935type
21:30:07.963 [main] TRACE - Resolving type for handle ctcellxfs1322type
21:30:07.965 [main] TRACE - Resolving type for handle ctxf97f7type
21:30:07.967 [main] TRACE - Resolving type for handle ctcellstylexfsa81ftype
21:30:07.969 [main] TRACE - Resolving type for handle ctdxfsb26atype
21:30:07.971 [main] TRACE - Resolving type for handle cttablestyles872ftype
21:30:07.974 [main] TRACE - Resolving type for handle sstf81fdoctype
21:30:07.978 [main] TRACE - Resolving type for handle ctsst44f3type
21:30:07.986 [main] TRACE - Resolving type for handle ctrsta472type
21:30:08.002 [main] TRACE - Resolving type for handle workbookec17doctype
21:30:08.005 [main] TRACE - Resolving type for handle ctworkbook83c3type
21:30:08.010 [main] TRACE - Resolving type for handle ctsheets49fdtype
21:30:08.012 [main] TRACE - Resolving type for handle ctsheet4dbetype
21:30:08.014 [main] TRACE - Resolving type for handle strelationshipid1e94type
21:30:08.016 [main] TRACE - Resolving type for handle worksheetf539doctype
21:30:08.021 [main] TRACE - Resolving type for handle ctworksheet530dtype
21:30:08.029 [main] TRACE - Resolving type for handle ctsheetdata8408type
21:30:08.031 [main] TRACE - Resolving type for handle ctrowdd39type
21:30:08.035 [main] TRACE - Resolving type for handle ctcell842btype
21:30:08.040 [main] TRACE - Resolving type for handle stcellrefe4e0type
21:30:08.046 [main] TRACE - Resolving type for handle ctcols627ctype
21:30:08.049 [main] TRACE - Resolving type for handle ctcola95ftype
21:30:08.064 [main] TRACE - Resolving type for handle stxstringf179type
21:30:08.066 [main] TRACE - Resolving type for handle stcelltypebf95type
21:30:08.072 [main] TRACE - Resolving type for handle stcellstylexfid70c7type
21:30:08.075 [main] TRACE - Resolving type for handle stnumfmtid76fbtype
21:30:11.678 [main] INFO  - Account creation success message is displayed.
21:30:11.714 [main] INFO  - The title matches the username.
21:30:13.457 [main] INFO  - Verifying the presence of login panel on homepage
21:30:13.514 [main] INFO  - Login panel is displayed: true
21:30:13.514 [main] INFO  - Login panel is displayed as expected.
21:37:00.811 [main] INFO  - Clicking on the Register Button on the Homepage
21:37:08.109 [main] DEBUG - Parsing relationship: /xl/_rels/workbook.xml.rels
21:37:08.113 [main] DEBUG - Parsing relationship: /_rels/.rels
21:37:08.288 [main] TRACE - Loading type system org.apache.poi.schemas.ooxml.system.ooxml
21:37:08.290 [main] TRACE - Loading type system org.apache.xmlbeans.metadata.system.sXMLCONFIG
21:37:08.291 [main] TRACE - Loading type system org.apache.xmlbeans.metadata.system.sXMLLANG
21:37:08.291 [main] TRACE - Loading type system org.apache.xmlbeans.metadata.system.sXMLSCHEMA
21:37:08.292 [main] TRACE - Loading type system org.apache.xmlbeans.metadata.system.sXMLTOOLS
21:37:08.294 [main] TRACE - Reading unresolved handles for type system org.apache.xmlbeans.metadata.system.sXMLTOOLS
21:37:08.305 [main] TRACE - Finished loading type system org.apache.xmlbeans.metadata.system.sXMLTOOLS
21:37:08.307 [main] TRACE - Reading unresolved handles for type system org.apache.xmlbeans.metadata.system.sXMLSCHEMA
21:37:08.314 [main] TRACE - Finished loading type system org.apache.xmlbeans.metadata.system.sXMLSCHEMA
21:37:08.316 [main] TRACE - Reading unresolved handles for type system org.apache.xmlbeans.metadata.system.sXMLLANG
21:37:08.316 [main] TRACE - Finished loading type system org.apache.xmlbeans.metadata.system.sXMLLANG
21:37:08.317 [main] TRACE - Reading unresolved handles for type system org.apache.xmlbeans.metadata.system.sXMLCONFIG
21:37:08.318 [main] TRACE - Finished loading type system org.apache.xmlbeans.metadata.system.sXMLCONFIG
21:37:08.319 [main] TRACE - Reading unresolved handles for type system org.apache.poi.schemas.ooxml.system.ooxml
21:37:08.378 [main] TRACE - Finished loading type system org.apache.poi.schemas.ooxml.system.ooxml
21:37:08.378 [main] TRACE - Resolving type for handle themefd26doctype
21:37:08.426 [main] TRACE - Resolving type for handle stylesheet5d8bdoctype
21:37:08.430 [main] TRACE - Resolving type for handle ctstylesheet4257type
21:37:08.435 [main] TRACE - Resolving type for handle ctfonts6623type
21:37:08.437 [main] TRACE - Resolving type for handle ctfont14d8type
21:37:08.440 [main] TRACE - Resolving type for handle ctfills2c6ftype
21:37:08.442 [main] TRACE - Resolving type for handle ctfill550ctype
21:37:08.443 [main] TRACE - Resolving type for handle ctborders0d66type
21:37:08.445 [main] TRACE - Resolving type for handle ctborderf935type
21:37:08.447 [main] TRACE - Resolving type for handle ctcellxfs1322type
21:37:08.449 [main] TRACE - Resolving type for handle ctxf97f7type
21:37:08.451 [main] TRACE - Resolving type for handle ctcellstylexfsa81ftype
21:37:08.452 [main] TRACE - Resolving type for handle ctdxfsb26atype
21:37:08.454 [main] TRACE - Resolving type for handle cttablestyles872ftype
21:37:08.457 [main] TRACE - Resolving type for handle sstf81fdoctype
21:37:08.461 [main] TRACE - Resolving type for handle ctsst44f3type
21:37:08.469 [main] TRACE - Resolving type for handle ctrsta472type
21:37:08.495 [main] TRACE - Resolving type for handle workbookec17doctype
21:37:08.499 [main] TRACE - Resolving type for handle ctworkbook83c3type
21:37:08.505 [main] TRACE - Resolving type for handle ctsheets49fdtype
21:37:08.506 [main] TRACE - Resolving type for handle ctsheet4dbetype
21:37:08.508 [main] TRACE - Resolving type for handle strelationshipid1e94type
21:37:08.510 [main] TRACE - Resolving type for handle worksheetf539doctype
21:37:08.516 [main] TRACE - Resolving type for handle ctworksheet530dtype
21:37:08.520 [main] TRACE - Resolving type for handle ctsheetdata8408type
21:37:08.521 [main] TRACE - Resolving type for handle ctrowdd39type
21:37:08.525 [main] TRACE - Resolving type for handle ctcell842btype
21:37:08.530 [main] TRACE - Resolving type for handle stcellrefe4e0type
21:37:08.540 [main] TRACE - Resolving type for handle ctcols627ctype
21:37:08.544 [main] TRACE - Resolving type for handle ctcola95ftype
21:37:08.566 [main] TRACE - Resolving type for handle stxstringf179type
21:37:08.568 [main] TRACE - Resolving type for handle stcelltypebf95type
21:37:08.580 [main] TRACE - Resolving type for handle stcellstylexfid70c7type
21:37:08.583 [main] TRACE - Resolving type for handle stnumfmtid76fbtype
21:42:39.263 [main] INFO  - Clicking on the Register Button on the Homepage
21:42:45.835 [main] DEBUG - Parsing relationship: /xl/_rels/workbook.xml.rels
21:42:45.837 [main] DEBUG - Parsing relationship: /_rels/.rels
21:42:46.401 [main] TRACE - Loading type system org.apache.poi.schemas.ooxml.system.ooxml
21:42:46.404 [main] TRACE - Loading type system org.apache.xmlbeans.metadata.system.sXMLCONFIG
21:42:46.405 [main] TRACE - Loading type system org.apache.xmlbeans.metadata.system.sXMLLANG
21:42:46.405 [main] TRACE - Loading type system org.apache.xmlbeans.metadata.system.sXMLSCHEMA
21:42:46.406 [main] TRACE - Loading type system org.apache.xmlbeans.metadata.system.sXMLTOOLS
21:42:46.407 [main] TRACE - Reading unresolved handles for type system org.apache.xmlbeans.metadata.system.sXMLTOOLS
21:42:46.421 [main] TRACE - Finished loading type system org.apache.xmlbeans.metadata.system.sXMLTOOLS
21:42:46.422 [main] TRACE - Reading unresolved handles for type system org.apache.xmlbeans.metadata.system.sXMLSCHEMA
21:42:46.425 [main] TRACE - Finished loading type system org.apache.xmlbeans.metadata.system.sXMLSCHEMA
21:42:46.426 [main] TRACE - Reading unresolved handles for type system org.apache.xmlbeans.metadata.system.sXMLLANG
21:42:46.427 [main] TRACE - Finished loading type system org.apache.xmlbeans.metadata.system.sXMLLANG
21:42:46.428 [main] TRACE - Reading unresolved handles for type system org.apache.xmlbeans.metadata.system.sXMLCONFIG
21:42:46.433 [main] TRACE - Finished loading type system org.apache.xmlbeans.metadata.system.sXMLCONFIG
21:42:46.434 [main] TRACE - Reading unresolved handles for type system org.apache.poi.schemas.ooxml.system.ooxml
21:42:46.471 [main] TRACE - Finished loading type system org.apache.poi.schemas.ooxml.system.ooxml
21:42:46.472 [main] TRACE - Resolving type for handle themefd26doctype
21:42:46.548 [main] TRACE - Resolving type for handle stylesheet5d8bdoctype
21:42:46.553 [main] TRACE - Resolving type for handle ctstylesheet4257type
21:42:46.560 [main] TRACE - Resolving type for handle ctfonts6623type
21:42:46.564 [main] TRACE - Resolving type for handle ctfont14d8type
21:42:46.572 [main] TRACE - Resolving type for handle ctfills2c6ftype
21:42:46.576 [main] TRACE - Resolving type for handle ctfill550ctype
21:42:46.580 [main] TRACE - Resolving type for handle ctborders0d66type
21:42:46.584 [main] TRACE - Resolving type for handle ctborderf935type
21:42:46.587 [main] TRACE - Resolving type for handle ctcellxfs1322type
21:42:46.590 [main] TRACE - Resolving type for handle ctxf97f7type
21:42:46.593 [main] TRACE - Resolving type for handle ctcellstylexfsa81ftype
21:42:46.596 [main] TRACE - Resolving type for handle ctdxfsb26atype
21:42:46.598 [main] TRACE - Resolving type for handle cttablestyles872ftype
21:42:46.601 [main] TRACE - Resolving type for handle sstf81fdoctype
21:42:46.606 [main] TRACE - Resolving type for handle ctsst44f3type
21:42:46.616 [main] TRACE - Resolving type for handle ctrsta472type
21:42:46.648 [main] TRACE - Resolving type for handle workbookec17doctype
21:42:46.653 [main] TRACE - Resolving type for handle ctworkbook83c3type
21:42:46.659 [main] TRACE - Resolving type for handle ctsheets49fdtype
21:42:46.661 [main] TRACE - Resolving type for handle ctsheet4dbetype
21:42:46.663 [main] TRACE - Resolving type for handle strelationshipid1e94type
21:42:46.665 [main] TRACE - Resolving type for handle worksheetf539doctype
21:42:46.672 [main] TRACE - Resolving type for handle ctworksheet530dtype
21:42:46.676 [main] TRACE - Resolving type for handle ctsheetdata8408type
21:42:46.679 [main] TRACE - Resolving type for handle ctrowdd39type
21:42:46.683 [main] TRACE - Resolving type for handle ctcell842btype
21:42:46.688 [main] TRACE - Resolving type for handle stcellrefe4e0type
21:42:46.698 [main] TRACE - Resolving type for handle ctcols627ctype
21:42:46.701 [main] TRACE - Resolving type for handle ctcola95ftype
21:42:46.743 [main] TRACE - Resolving type for handle stxstringf179type
21:42:46.745 [main] TRACE - Resolving type for handle stcelltypebf95type
21:42:46.754 [main] TRACE - Resolving type for handle stcellstylexfid70c7type
21:42:46.757 [main] TRACE - Resolving type for handle stnumfmtid76fbtype
21:44:38.006 [main] INFO  - Clicking on the Register Button on the Homepage
21:44:44.052 [main] DEBUG - Parsing relationship: /xl/_rels/workbook.xml.rels
21:44:44.055 [main] DEBUG - Parsing relationship: /_rels/.rels
21:44:44.194 [main] TRACE - Loading type system org.apache.poi.schemas.ooxml.system.ooxml
21:44:44.196 [main] TRACE - Loading type system org.apache.xmlbeans.metadata.system.sXMLCONFIG
21:44:44.196 [main] TRACE - Loading type system org.apache.xmlbeans.metadata.system.sXMLLANG
21:44:44.197 [main] TRACE - Loading type system org.apache.xmlbeans.metadata.system.sXMLSCHEMA
21:44:44.197 [main] TRACE - Loading type system org.apache.xmlbeans.metadata.system.sXMLTOOLS
21:44:44.198 [main] TRACE - Reading unresolved handles for type system org.apache.xmlbeans.metadata.system.sXMLTOOLS
21:44:44.207 [main] TRACE - Finished loading type system org.apache.xmlbeans.metadata.system.sXMLTOOLS
21:44:44.208 [main] TRACE - Reading unresolved handles for type system org.apache.xmlbeans.metadata.system.sXMLSCHEMA
21:44:44.211 [main] TRACE - Finished loading type system org.apache.xmlbeans.metadata.system.sXMLSCHEMA
21:44:44.212 [main] TRACE - Reading unresolved handles for type system org.apache.xmlbeans.metadata.system.sXMLLANG
21:44:44.212 [main] TRACE - Finished loading type system org.apache.xmlbeans.metadata.system.sXMLLANG
21:44:44.213 [main] TRACE - Reading unresolved handles for type system org.apache.xmlbeans.metadata.system.sXMLCONFIG
21:44:44.214 [main] TRACE - Finished loading type system org.apache.xmlbeans.metadata.system.sXMLCONFIG
21:44:44.215 [main] TRACE - Reading unresolved handles for type system org.apache.poi.schemas.ooxml.system.ooxml
21:44:44.247 [main] TRACE - Finished loading type system org.apache.poi.schemas.ooxml.system.ooxml
21:44:44.247 [main] TRACE - Resolving type for handle themefd26doctype
21:44:44.298 [main] TRACE - Resolving type for handle stylesheet5d8bdoctype
21:44:44.302 [main] TRACE - Resolving type for handle ctstylesheet4257type
21:44:44.305 [main] TRACE - Resolving type for handle ctfonts6623type
21:44:44.307 [main] TRACE - Resolving type for handle ctfont14d8type
21:44:44.311 [main] TRACE - Resolving type for handle ctfills2c6ftype
21:44:44.313 [main] TRACE - Resolving type for handle ctfill550ctype
21:44:44.314 [main] TRACE - Resolving type for handle ctborders0d66type
21:44:44.316 [main] TRACE - Resolving type for handle ctborderf935type
21:44:44.318 [main] TRACE - Resolving type for handle ctcellxfs1322type
21:44:44.320 [main] TRACE - Resolving type for handle ctxf97f7type
21:44:44.322 [main] TRACE - Resolving type for handle ctcellstylexfsa81ftype
21:44:44.323 [main] TRACE - Resolving type for handle ctdxfsb26atype
21:44:44.324 [main] TRACE - Resolving type for handle cttablestyles872ftype
21:44:44.327 [main] TRACE - Resolving type for handle sstf81fdoctype
21:44:44.330 [main] TRACE - Resolving type for handle ctsst44f3type
21:44:44.337 [main] TRACE - Resolving type for handle ctrsta472type
21:44:44.357 [main] TRACE - Resolving type for handle workbookec17doctype
21:44:44.361 [main] TRACE - Resolving type for handle ctworkbook83c3type
21:44:44.364 [main] TRACE - Resolving type for handle ctsheets49fdtype
21:44:44.367 [main] TRACE - Resolving type for handle ctsheet4dbetype
21:44:44.369 [main] TRACE - Resolving type for handle strelationshipid1e94type
21:44:44.372 [main] TRACE - Resolving type for handle worksheetf539doctype
21:44:44.381 [main] TRACE - Resolving type for handle ctworksheet530dtype
21:44:44.393 [main] TRACE - Resolving type for handle ctsheetdata8408type
21:44:44.396 [main] TRACE - Resolving type for handle ctrowdd39type
21:44:44.400 [main] TRACE - Resolving type for handle ctcell842btype
21:44:44.405 [main] TRACE - Resolving type for handle stcellrefe4e0type
21:44:44.414 [main] TRACE - Resolving type for handle ctcols627ctype
21:44:44.418 [main] TRACE - Resolving type for handle ctcola95ftype
21:44:44.438 [main] TRACE - Resolving type for handle stxstringf179type
21:44:44.440 [main] TRACE - Resolving type for handle stcelltypebf95type
21:44:44.452 [main] TRACE - Resolving type for handle stcellstylexfid70c7type
21:44:44.455 [main] TRACE - Resolving type for handle stnumfmtid76fbtype
21:53:27.197 [main] INFO  - Clicking on the Register Button on the Homepage
21:57:05.340 [main] INFO  - Clicking on the Register Button on the Homepage
21:59:01.042 [main] INFO  - Clicking on the Register Button on the Homepage
22:01:23.177 [main] INFO  - Clicking on the Register Button on the Homepage
22:01:29.125 [main] DEBUG - Parsing relationship: /xl/_rels/workbook.xml.rels
22:01:29.127 [main] DEBUG - Parsing relationship: /_rels/.rels
22:01:29.292 [main] TRACE - Loading type system org.apache.poi.schemas.ooxml.system.ooxml
22:01:29.294 [main] TRACE - Loading type system org.apache.xmlbeans.metadata.system.sXMLCONFIG
22:01:29.295 [main] TRACE - Loading type system org.apache.xmlbeans.metadata.system.sXMLLANG
22:01:29.295 [main] TRACE - Loading type system org.apache.xmlbeans.metadata.system.sXMLSCHEMA
22:01:29.296 [main] TRACE - Loading type system org.apache.xmlbeans.metadata.system.sXMLTOOLS
22:01:29.297 [main] TRACE - Reading unresolved handles for type system org.apache.xmlbeans.metadata.system.sXMLTOOLS
22:01:29.307 [main] TRACE - Finished loading type system org.apache.xmlbeans.metadata.system.sXMLTOOLS
22:01:29.308 [main] TRACE - Reading unresolved handles for type system org.apache.xmlbeans.metadata.system.sXMLSCHEMA
22:01:29.312 [main] TRACE - Finished loading type system org.apache.xmlbeans.metadata.system.sXMLSCHEMA
22:01:29.313 [main] TRACE - Reading unresolved handles for type system org.apache.xmlbeans.metadata.system.sXMLLANG
22:01:29.313 [main] TRACE - Finished loading type system org.apache.xmlbeans.metadata.system.sXMLLANG
22:01:29.314 [main] TRACE - Reading unresolved handles for type system org.apache.xmlbeans.metadata.system.sXMLCONFIG
22:01:29.326 [main] TRACE - Finished loading type system org.apache.xmlbeans.metadata.system.sXMLCONFIG
22:01:29.327 [main] TRACE - Reading unresolved handles for type system org.apache.poi.schemas.ooxml.system.ooxml
22:01:29.363 [main] TRACE - Finished loading type system org.apache.poi.schemas.ooxml.system.ooxml
22:01:29.363 [main] TRACE - Resolving type for handle themefd26doctype
22:01:29.411 [main] TRACE - Resolving type for handle stylesheet5d8bdoctype
22:01:29.417 [main] TRACE - Resolving type for handle ctstylesheet4257type
22:01:29.422 [main] TRACE - Resolving type for handle ctfonts6623type
22:01:29.424 [main] TRACE - Resolving type for handle ctfont14d8type
22:01:29.432 [main] TRACE - Resolving type for handle ctfills2c6ftype
22:01:29.436 [main] TRACE - Resolving type for handle ctfill550ctype
22:01:29.438 [main] TRACE - Resolving type for handle ctborders0d66type
22:01:29.441 [main] TRACE - Resolving type for handle ctborderf935type
22:01:29.445 [main] TRACE - Resolving type for handle ctcellxfs1322type
22:01:29.447 [main] TRACE - Resolving type for handle ctxf97f7type
22:01:29.449 [main] TRACE - Resolving type for handle ctcellstylexfsa81ftype
22:01:29.454 [main] TRACE - Resolving type for handle ctdxfsb26atype
22:01:29.456 [main] TRACE - Resolving type for handle cttablestyles872ftype
22:01:29.458 [main] TRACE - Resolving type for handle sstf81fdoctype
22:01:29.465 [main] TRACE - Resolving type for handle ctsst44f3type
22:01:29.474 [main] TRACE - Resolving type for handle ctrsta472type
22:01:29.496 [main] TRACE - Resolving type for handle workbookec17doctype
22:01:29.500 [main] TRACE - Resolving type for handle ctworkbook83c3type
22:01:29.505 [main] TRACE - Resolving type for handle ctsheets49fdtype
22:01:29.506 [main] TRACE - Resolving type for handle ctsheet4dbetype
22:01:29.508 [main] TRACE - Resolving type for handle strelationshipid1e94type
22:01:29.509 [main] TRACE - Resolving type for handle worksheetf539doctype
22:01:29.520 [main] TRACE - Resolving type for handle ctworksheet530dtype
22:01:29.525 [main] TRACE - Resolving type for handle ctsheetdata8408type
22:01:29.526 [main] TRACE - Resolving type for handle ctrowdd39type
22:01:29.530 [main] TRACE - Resolving type for handle ctcell842btype
22:01:29.535 [main] TRACE - Resolving type for handle stcellrefe4e0type
22:01:29.544 [main] TRACE - Resolving type for handle ctcols627ctype
22:01:29.548 [main] TRACE - Resolving type for handle ctcola95ftype
22:01:29.600 [main] TRACE - Resolving type for handle stxstringf179type
22:01:29.604 [main] TRACE - Resolving type for handle stcelltypebf95type
22:01:29.615 [main] TRACE - Resolving type for handle stcellstylexfid70c7type
22:01:29.619 [main] TRACE - Resolving type for handle stnumfmtid76fbtype
22:01:31.891 [main] INFO  - Account creation success message is displayed.
22:01:31.920 [main] INFO  - The title matches the username.
22:01:32.790 [main] INFO  - Verifying the presence of login panel on homepage
22:01:32.823 [main] INFO  - Login panel is displayed: true
22:01:32.823 [main] INFO  - Login panel is displayed as expected.
22:01:39.660 [main] INFO  - Clicking on the Register Button on the Homepage
22:01:45.529 [main] DEBUG - Parsing relationship: /xl/_rels/workbook.xml.rels
22:01:45.530 [main] DEBUG - Parsing relationship: /_rels/.rels
22:01:47.889 [main] INFO  - Account creation success message is displayed.
22:01:47.913 [main] INFO  - The title matches the username.
22:01:48.880 [main] INFO  - Verifying the presence of login panel on homepage
22:01:48.917 [main] INFO  - Login panel is displayed: true
22:01:48.918 [main] INFO  - Login panel is displayed as expected.
22:05:04.258 [main] INFO  - Clicking on the Register Button on the Homepage
22:05:10.231 [main] DEBUG - Parsing relationship: /xl/_rels/workbook.xml.rels
22:05:10.234 [main] DEBUG - Parsing relationship: /_rels/.rels
22:05:10.368 [main] TRACE - Loading type system org.apache.poi.schemas.ooxml.system.ooxml
22:05:10.370 [main] TRACE - Loading type system org.apache.xmlbeans.metadata.system.sXMLCONFIG
22:05:10.371 [main] TRACE - Loading type system org.apache.xmlbeans.metadata.system.sXMLLANG
22:05:10.371 [main] TRACE - Loading type system org.apache.xmlbeans.metadata.system.sXMLSCHEMA
22:05:10.372 [main] TRACE - Loading type system org.apache.xmlbeans.metadata.system.sXMLTOOLS
22:05:10.373 [main] TRACE - Reading unresolved handles for type system org.apache.xmlbeans.metadata.system.sXMLTOOLS
22:05:10.384 [main] TRACE - Finished loading type system org.apache.xmlbeans.metadata.system.sXMLTOOLS
22:05:10.385 [main] TRACE - Reading unresolved handles for type system org.apache.xmlbeans.metadata.system.sXMLSCHEMA
22:05:10.388 [main] TRACE - Finished loading type system org.apache.xmlbeans.metadata.system.sXMLSCHEMA
22:05:10.389 [main] TRACE - Reading unresolved handles for type system org.apache.xmlbeans.metadata.system.sXMLLANG
22:05:10.390 [main] TRACE - Finished loading type system org.apache.xmlbeans.metadata.system.sXMLLANG
22:05:10.391 [main] TRACE - Reading unresolved handles for type system org.apache.xmlbeans.metadata.system.sXMLCONFIG
22:05:10.392 [main] TRACE - Finished loading type system org.apache.xmlbeans.metadata.system.sXMLCONFIG
22:05:10.393 [main] TRACE - Reading unresolved handles for type system org.apache.poi.schemas.ooxml.system.ooxml
22:05:10.428 [main] TRACE - Finished loading type system org.apache.poi.schemas.ooxml.system.ooxml
22:05:10.429 [main] TRACE - Resolving type for handle themefd26doctype
22:05:10.482 [main] TRACE - Resolving type for handle stylesheet5d8bdoctype
22:05:10.487 [main] TRACE - Resolving type for handle ctstylesheet4257type
22:05:10.490 [main] TRACE - Resolving type for handle ctfonts6623type
22:05:10.492 [main] TRACE - Resolving type for handle ctfont14d8type
22:05:10.498 [main] TRACE - Resolving type for handle ctfills2c6ftype
22:05:10.500 [main] TRACE - Resolving type for handle ctfill550ctype
22:05:10.502 [main] TRACE - Resolving type for handle ctborders0d66type
22:05:10.504 [main] TRACE - Resolving type for handle ctborderf935type
22:05:10.506 [main] TRACE - Resolving type for handle ctcellxfs1322type
22:05:10.507 [main] TRACE - Resolving type for handle ctxf97f7type
22:05:10.509 [main] TRACE - Resolving type for handle ctcellstylexfsa81ftype
22:05:10.510 [main] TRACE - Resolving type for handle ctdxfsb26atype
22:05:10.512 [main] TRACE - Resolving type for handle cttablestyles872ftype
22:05:10.515 [main] TRACE - Resolving type for handle sstf81fdoctype
22:05:10.519 [main] TRACE - Resolving type for handle ctsst44f3type
22:05:10.528 [main] TRACE - Resolving type for handle ctrsta472type
22:05:10.557 [main] TRACE - Resolving type for handle workbookec17doctype
22:05:10.560 [main] TRACE - Resolving type for handle ctworkbook83c3type
22:05:10.564 [main] TRACE - Resolving type for handle ctsheets49fdtype
22:05:10.565 [main] TRACE - Resolving type for handle ctsheet4dbetype
22:05:10.567 [main] TRACE - Resolving type for handle strelationshipid1e94type
22:05:10.569 [main] TRACE - Resolving type for handle worksheetf539doctype
22:05:10.575 [main] TRACE - Resolving type for handle ctworksheet530dtype
22:05:10.580 [main] TRACE - Resolving type for handle ctsheetdata8408type
22:05:10.582 [main] TRACE - Resolving type for handle ctrowdd39type
22:05:10.585 [main] TRACE - Resolving type for handle ctcell842btype
22:05:10.590 [main] TRACE - Resolving type for handle stcellrefe4e0type
22:05:10.599 [main] TRACE - Resolving type for handle ctcols627ctype
22:05:10.602 [main] TRACE - Resolving type for handle ctcola95ftype
22:05:10.618 [main] TRACE - Resolving type for handle stxstringf179type
22:05:10.620 [main] TRACE - Resolving type for handle stcelltypebf95type
22:05:10.630 [main] TRACE - Resolving type for handle stcellstylexfid70c7type
22:05:10.633 [main] TRACE - Resolving type for handle stnumfmtid76fbtype
22:06:05.010 [main] INFO  - Clicking on the Register Button on the Homepage
22:06:11.480 [main] DEBUG - Parsing relationship: /xl/_rels/workbook.xml.rels
22:06:11.485 [main] DEBUG - Parsing relationship: /_rels/.rels
22:06:11.622 [main] TRACE - Loading type system org.apache.poi.schemas.ooxml.system.ooxml
22:06:11.624 [main] TRACE - Loading type system org.apache.xmlbeans.metadata.system.sXMLCONFIG
22:06:11.624 [main] TRACE - Loading type system org.apache.xmlbeans.metadata.system.sXMLLANG
22:06:11.624 [main] TRACE - Loading type system org.apache.xmlbeans.metadata.system.sXMLSCHEMA
22:06:11.625 [main] TRACE - Loading type system org.apache.xmlbeans.metadata.system.sXMLTOOLS
22:06:11.626 [main] TRACE - Reading unresolved handles for type system org.apache.xmlbeans.metadata.system.sXMLTOOLS
22:06:11.634 [main] TRACE - Finished loading type system org.apache.xmlbeans.metadata.system.sXMLTOOLS
22:06:11.635 [main] TRACE - Reading unresolved handles for type system org.apache.xmlbeans.metadata.system.sXMLSCHEMA
22:06:11.639 [main] TRACE - Finished loading type system org.apache.xmlbeans.metadata.system.sXMLSCHEMA
22:06:11.640 [main] TRACE - Reading unresolved handles for type system org.apache.xmlbeans.metadata.system.sXMLLANG
22:06:11.641 [main] TRACE - Finished loading type system org.apache.xmlbeans.metadata.system.sXMLLANG
22:06:11.642 [main] TRACE - Reading unresolved handles for type system org.apache.xmlbeans.metadata.system.sXMLCONFIG
22:06:11.642 [main] TRACE - Finished loading type system org.apache.xmlbeans.metadata.system.sXMLCONFIG
22:06:11.643 [main] TRACE - Reading unresolved handles for type system org.apache.poi.schemas.ooxml.system.ooxml
22:06:11.677 [main] TRACE - Finished loading type system org.apache.poi.schemas.ooxml.system.ooxml
22:06:11.678 [main] TRACE - Resolving type for handle themefd26doctype
22:06:11.735 [main] TRACE - Resolving type for handle stylesheet5d8bdoctype
22:06:11.739 [main] TRACE - Resolving type for handle ctstylesheet4257type
22:06:11.743 [main] TRACE - Resolving type for handle ctfonts6623type
22:06:11.745 [main] TRACE - Resolving type for handle ctfont14d8type
22:06:11.749 [main] TRACE - Resolving type for handle ctfills2c6ftype
22:06:11.750 [main] TRACE - Resolving type for handle ctfill550ctype
22:06:11.751 [main] TRACE - Resolving type for handle ctborders0d66type
22:06:11.753 [main] TRACE - Resolving type for handle ctborderf935type
22:06:11.755 [main] TRACE - Resolving type for handle ctcellxfs1322type
22:06:11.757 [main] TRACE - Resolving type for handle ctxf97f7type
22:06:11.758 [main] TRACE - Resolving type for handle ctcellstylexfsa81ftype
22:06:11.760 [main] TRACE - Resolving type for handle ctdxfsb26atype
22:06:11.761 [main] TRACE - Resolving type for handle cttablestyles872ftype
22:06:11.765 [main] TRACE - Resolving type for handle sstf81fdoctype
22:06:11.770 [main] TRACE - Resolving type for handle ctsst44f3type
22:06:11.780 [main] TRACE - Resolving type for handle ctrsta472type
22:06:11.811 [main] TRACE - Resolving type for handle workbookec17doctype
22:06:11.815 [main] TRACE - Resolving type for handle ctworkbook83c3type
22:06:11.821 [main] TRACE - Resolving type for handle ctsheets49fdtype
22:06:11.823 [main] TRACE - Resolving type for handle ctsheet4dbetype
22:06:11.824 [main] TRACE - Resolving type for handle strelationshipid1e94type
22:06:11.826 [main] TRACE - Resolving type for handle worksheetf539doctype
22:06:11.832 [main] TRACE - Resolving type for handle ctworksheet530dtype
22:06:11.836 [main] TRACE - Resolving type for handle ctsheetdata8408type
22:06:11.838 [main] TRACE - Resolving type for handle ctrowdd39type
22:06:11.841 [main] TRACE - Resolving type for handle ctcell842btype
22:06:11.846 [main] TRACE - Resolving type for handle stcellrefe4e0type
22:06:11.854 [main] TRACE - Resolving type for handle ctcols627ctype
22:06:11.857 [main] TRACE - Resolving type for handle ctcola95ftype
22:06:11.875 [main] TRACE - Resolving type for handle stxstringf179type
22:06:11.878 [main] TRACE - Resolving type for handle stcelltypebf95type
22:06:11.890 [main] TRACE - Resolving type for handle stcellstylexfid70c7type
22:06:11.893 [main] TRACE - Resolving type for handle stnumfmtid76fbtype
22:06:13.469 [main] INFO  - Account creation success message is displayed.
22:06:13.494 [main] INFO  - The title matches the username.
22:06:14.403 [main] INFO  - Verifying the presence of login panel on homepage
22:06:14.436 [main] INFO  - Login panel is displayed: true
22:06:14.436 [main] INFO  - Login panel is displayed as expected.
22:06:22.038 [main] INFO  - Clicking on the Register Button on the Homepage
22:06:27.857 [main] DEBUG - Parsing relationship: /xl/_rels/workbook.xml.rels
22:06:27.857 [main] DEBUG - Parsing relationship: /_rels/.rels
22:06:29.965 [main] INFO  - Account creation success message is displayed.
22:06:29.995 [main] INFO  - The title matches the username.
22:06:31.505 [main] INFO  - Verifying the presence of login panel on homepage
22:06:31.538 [main] INFO  - Login panel is displayed: true
22:06:31.538 [main] INFO  - Login panel is displayed as expected.
22:06:38.248 [main] INFO  - Solutionsis present in the header link
22:06:38.258 [main] INFO  - About Usis present in the header link
22:06:38.267 [main] INFO  - Servicesis present in the header link
22:06:38.275 [main] INFO  - Productsis present in the header link
22:06:38.284 [main] INFO  - Locationsis present in the header link
22:06:38.292 [main] INFO  - Admin Pageis present in the header link
22:06:43.276 [main] INFO  - Parabank Logo is displayed: true
22:06:43.276 [main] INFO  - Parabank Logo is displayed: true
22:06:43.331 [main] INFO  - Hyperlink https://parabank.parasoft.com/parabank/index.htm;jsessionid=9EFF175DDDACFE135498CF39407A6D42 does not match expected value index.htm.
22:06:43.367 [main] INFO  - Hyperlink https://parabank.parasoft.com/parabank/about.htm;jsessionid=9EFF175DDDACFE135498CF39407A6D42 does not match expected value about.htm.
22:06:43.400 [main] INFO  - Hyperlink https://parabank.parasoft.com/parabank/contact.htm;jsessionid=9EFF175DDDACFE135498CF39407A6D42 does not match expected value contact.htm.
22:06:49.986 [main] INFO  - Clicking on the Register Button on the Homepage
22:07:14.940 [main] INFO  - Clicking on the Register Button on the Homepage
